{"level":"\u001b[32minfo\u001b[39m","message":"{\"method\":\"POST\",\"url\":\"/login\",\"status\":\"-\",\"responseTime\":\"-\"}","timestamp":"2025-01-09T18:37:23.529Z"}
{"level":"\u001b[32minfo\u001b[39m","message":"{\"method\":\"POST\",\"url\":\"/login\",\"status\":\"400\",\"responseTime\":\"268.961\"}","timestamp":"2025-01-10T03:00:58.114Z"}
{"level":"\u001b[32minfo\u001b[39m","message":"{\"method\":\"POST\",\"url\":\"/login\",\"status\":\"400\",\"responseTime\":\"107.103\"}","timestamp":"2025-01-10T03:01:20.998Z"}
{"level":"\u001b[32minfo\u001b[39m","message":"{\"method\":\"POST\",\"url\":\"/login\",\"status\":\"200\",\"responseTime\":\"159.200\"}","timestamp":"2025-01-10T03:01:30.170Z"}
{"level":"\u001b[32minfo\u001b[39m","message":"{\"method\":\"POST\",\"url\":\"/login\",\"status\":\"400\",\"responseTime\":\"1485.031\"}","timestamp":"2025-01-10T03:25:42.485Z"}
{"level":"\u001b[32minfo\u001b[39m","message":"{\"method\":\"POST\",\"url\":\"/login\",\"status\":\"200\",\"responseTime\":\"293.985\"}","timestamp":"2025-01-10T05:26:17.866Z"}
{"level":"\u001b[32minfo\u001b[39m","message":"{\"method\":\"POST\",\"url\":\"/login\",\"status\":\"200\",\"responseTime\":\"949.772\"}","timestamp":"2025-01-10T06:25:06.485Z"}
{"level":"\u001b[32minfo\u001b[39m","message":"{\"method\":\"POST\",\"url\":\"/login\",\"status\":\"200\",\"responseTime\":\"299.582\"}","timestamp":"2025-01-10T06:25:52.121Z"}
{"level":"\u001b[32minfo\u001b[39m","message":"{\"method\":\"POST\",\"url\":\"/login\",\"status\":\"200\",\"responseTime\":\"1448.946\"}","timestamp":"2025-01-10T06:27:15.950Z"}
{"level":"\u001b[32minfo\u001b[39m","message":"{\"method\":\"POST\",\"url\":\"/login\",\"status\":\"500\",\"responseTime\":\"30240.720\"}","timestamp":"2025-01-10T06:53:29.440Z"}
{"level":"\u001b[32minfo\u001b[39m","message":"{\"method\":\"POST\",\"url\":\"/login\",\"status\":\"500\",\"responseTime\":\"30079.152\"}","timestamp":"2025-01-10T06:53:31.058Z"}
{"level":"\u001b[32minfo\u001b[39m","message":"{\"method\":\"POST\",\"url\":\"/login\",\"status\":\"400\",\"responseTime\":\"282.916\"}","timestamp":"2025-01-10T06:53:54.729Z"}
{"level":"\u001b[32minfo\u001b[39m","message":"{\"method\":\"POST\",\"url\":\"/login\",\"status\":\"200\",\"responseTime\":\"226.376\"}","timestamp":"2025-01-10T06:54:04.291Z"}
{"level":"\u001b[32minfo\u001b[39m","message":"{\"method\":\"POST\",\"url\":\"/login\",\"status\":\"200\",\"responseTime\":\"570.139\"}","timestamp":"2025-01-10T07:03:12.929Z"}
{"level":"\u001b[32minfo\u001b[39m","message":"{\"method\":\"GET\",\"url\":\"/userarticles\",\"status\":\"200\",\"responseTime\":\"124.556\"}","timestamp":"2025-01-10T07:45:03.139Z"}
{"level":"\u001b[32minfo\u001b[39m","message":"{\"method\":\"POST\",\"url\":\"/login\",\"status\":\"200\",\"responseTime\":\"272.219\"}","timestamp":"2025-01-10T10:32:24.945Z"}
{"level":"\u001b[32minfo\u001b[39m","message":"{\"method\":\"POST\",\"url\":\"/generatepresigned\",\"status\":\"-\",\"responseTime\":\"-\"}","timestamp":"2025-01-10T10:34:41.940Z"}
{"level":"\u001b[32minfo\u001b[39m","message":"{\"method\":\"POST\",\"url\":\"/generatepresigned\",\"status\":\"200\",\"responseTime\":\"61.556\"}","timestamp":"2025-01-10T10:41:38.728Z"}
{"level":"\u001b[32minfo\u001b[39m","message":"{\"method\":\"POST\",\"url\":\"/login\",\"status\":\"200\",\"responseTime\":\"229.613\"}","timestamp":"2025-01-10T12:21:50.812Z"}
{"level":"\u001b[32minfo\u001b[39m","message":"{\"method\":\"POST\",\"url\":\"/generatepresigned\",\"status\":\"200\",\"responseTime\":\"49.855\"}","timestamp":"2025-01-10T12:22:14.669Z"}
{"level":"\u001b[32minfo\u001b[39m","message":"{\"method\":\"POST\",\"url\":\"/generatepresigned\",\"status\":\"200\",\"responseTime\":\"5.819\"}","timestamp":"2025-01-10T12:25:11.186Z"}
{"level":"\u001b[32minfo\u001b[39m","message":"{\"method\":\"POST\",\"url\":\"/generatepresigned\",\"status\":\"200\",\"responseTime\":\"7.289\"}","timestamp":"2025-01-10T12:37:10.653Z"}
{"level":"\u001b[32minfo\u001b[39m","message":"{\"method\":\"POST\",\"url\":\"/generatepresigned\",\"status\":\"200\",\"responseTime\":\"5.801\"}","timestamp":"2025-01-10T12:39:34.767Z"}
{"level":"\u001b[32minfo\u001b[39m","message":"{\"method\":\"POST\",\"url\":\"/generatepresigned\",\"status\":\"200\",\"responseTime\":\"62.458\"}","timestamp":"2025-01-10T12:40:51.451Z"}
{"level":"\u001b[32minfo\u001b[39m","message":"{\"method\":\"POST\",\"url\":\"/login\",\"status\":\"200\",\"responseTime\":\"426.975\"}","timestamp":"2025-01-10T12:57:10.674Z"}
{"level":"\u001b[32minfo\u001b[39m","message":"{\"method\":\"POST\",\"url\":\"/generatepresigned\",\"status\":\"200\",\"responseTime\":\"17.373\"}","timestamp":"2025-01-10T12:57:26.458Z"}
{"level":"\u001b[32minfo\u001b[39m","message":"{\"method\":\"POST\",\"url\":\"/generatepresigned\",\"status\":\"200\",\"responseTime\":\"5.932\"}","timestamp":"2025-01-10T12:59:15.977Z"}
{"level":"\u001b[32minfo\u001b[39m","message":"{\"method\":\"POST\",\"url\":\"/generatepresigned\",\"status\":\"200\",\"responseTime\":\"5.505\"}","timestamp":"2025-01-10T13:09:20.617Z"}
{"level":"\u001b[32minfo\u001b[39m","message":"{\"method\":\"POST\",\"url\":\"/generatepresigned\",\"status\":\"200\",\"responseTime\":\"32.272\"}","timestamp":"2025-01-10T13:19:57.146Z"}
{"level":"\u001b[32minfo\u001b[39m","message":"{\"method\":\"POST\",\"url\":\"/generatepresigned\",\"status\":\"200\",\"responseTime\":\"6.792\"}","timestamp":"2025-01-10T13:24:41.872Z"}
{"level":"\u001b[32minfo\u001b[39m","message":"{\"method\":\"POST\",\"url\":\"/login\",\"status\":\"200\",\"responseTime\":\"11675.059\"}","timestamp":"2025-01-10T14:36:46.188Z"}
{"level":"\u001b[32minfo\u001b[39m","message":"{\"method\":\"POST\",\"url\":\"/generatepresigned\",\"status\":\"200\",\"responseTime\":\"4257.308\"}","timestamp":"2025-01-10T15:17:08.921Z"}
{"level":"\u001b[32minfo\u001b[39m","message":"{\"method\":\"POST\",\"url\":\"/generatepresigned\",\"status\":\"200\",\"responseTime\":\"127.482\"}","timestamp":"2025-01-10T15:18:35.710Z"}
{"level":"\u001b[32minfo\u001b[39m","message":"{\"method\":\"POST\",\"url\":\"/generatepresigned\",\"status\":\"200\",\"responseTime\":\"8.009\"}","timestamp":"2025-01-10T15:24:57.537Z"}
{"level":"\u001b[32minfo\u001b[39m","message":"{\"method\":\"GET\",\"url\":\"/userarticles\",\"status\":\"-\",\"responseTime\":\"-\"}","timestamp":"2025-01-10T15:29:29.027Z"}
{"level":"\u001b[32minfo\u001b[39m","message":"{\"method\":\"POST\",\"url\":\"/generatepresigned\",\"status\":\"200\",\"responseTime\":\"19.844\"}","timestamp":"2025-01-10T15:36:08.868Z"}
{"level":"\u001b[32minfo\u001b[39m","message":"{\"method\":\"POST\",\"url\":\"/login\",\"status\":\"200\",\"responseTime\":\"258.219\"}","timestamp":"2025-01-10T15:42:33.361Z"}
{"level":"\u001b[32minfo\u001b[39m","message":"{\"method\":\"POST\",\"url\":\"/generatepresigned\",\"status\":\"200\",\"responseTime\":\"24.928\"}","timestamp":"2025-01-10T15:42:47.005Z"}
{"level":"\u001b[32minfo\u001b[39m","message":"{\"method\":\"POST\",\"url\":\"/generatepresigned\",\"status\":\"200\",\"responseTime\":\"6.777\"}","timestamp":"2025-01-10T15:49:14.851Z"}
{"level":"\u001b[32minfo\u001b[39m","message":"{\"method\":\"POST\",\"url\":\"/generatepresigned\",\"status\":\"200\",\"responseTime\":\"7.591\"}","timestamp":"2025-01-10T15:54:58.491Z"}
{"level":"\u001b[32minfo\u001b[39m","message":"{\"method\":\"POST\",\"url\":\"/generatepresigned\",\"status\":\"200\",\"responseTime\":\"60.782\"}","timestamp":"2025-01-10T15:59:59.764Z"}
{"level":"\u001b[32minfo\u001b[39m","message":"{\"method\":\"POST\",\"url\":\"/generatepresigned\",\"status\":\"200\",\"responseTime\":\"5.411\"}","timestamp":"2025-01-10T16:00:54.349Z"}
{"level":"\u001b[32minfo\u001b[39m","message":"{\"method\":\"POST\",\"url\":\"/generatepresigned\",\"status\":\"200\",\"responseTime\":\"7.889\"}","timestamp":"2025-01-10T16:09:01.608Z"}
{"level":"\u001b[32minfo\u001b[39m","message":"{\"method\":\"GET\",\"url\":\"/userarticles\",\"status\":\"200\",\"responseTime\":\"111.453\"}","timestamp":"2025-01-10T16:10:51.028Z"}
{"level":"\u001b[32minfo\u001b[39m","message":"{\"method\":\"GET\",\"url\":\"/userarticles\",\"status\":\"200\",\"responseTime\":\"91.808\"}","timestamp":"2025-01-10T16:11:05.553Z"}
{"level":"\u001b[32minfo\u001b[39m","message":"{\"method\":\"POST\",\"url\":\"/generatepresigned\",\"status\":\"200\",\"responseTime\":\"5.557\"}","timestamp":"2025-01-10T16:11:18.346Z"}
{"level":"\u001b[32minfo\u001b[39m","message":"{\"method\":\"POST\",\"url\":\"/generatepresigned\",\"status\":\"200\",\"responseTime\":\"7.383\"}","timestamp":"2025-01-10T16:12:37.985Z"}
{"level":"\u001b[32minfo\u001b[39m","message":"{\"method\":\"GET\",\"url\":\"/userarticles\",\"status\":\"200\",\"responseTime\":\"86.921\"}","timestamp":"2025-01-10T16:12:57.630Z"}
{"level":"\u001b[32minfo\u001b[39m","message":"{\"method\":\"GET\",\"url\":\"/userarticles\",\"status\":\"304\",\"responseTime\":\"84.400\"}","timestamp":"2025-01-10T16:13:11.699Z"}
{"level":"\u001b[32minfo\u001b[39m","message":"{\"method\":\"GET\",\"url\":\"/userarticles\",\"status\":\"304\",\"responseTime\":\"81.825\"}","timestamp":"2025-01-10T16:13:32.079Z"}
{"level":"\u001b[32minfo\u001b[39m","message":"{\"method\":\"GET\",\"url\":\"/userarticles\",\"status\":\"304\",\"responseTime\":\"129.866\"}","timestamp":"2025-01-10T16:13:38.326Z"}
